[INFO] FA-only ROI extraction started: Sat Dec 13 05:16:10 PM UTC 2025
[SUBJECT] M87100419
[DONE] M87100419
[SUBJECT] M87102777
[DONE] M87102777
[SUBJECT] M87103423
[DONE] M87103423
[SUBJECT] M87104357
[DONE] M87104357
[SUBJECT] M87104386
[DONE] M87104386
[SUBJECT] M87104519
[DONE] M87104519
[SUBJECT] M87105294
[DONE] M87105294
[SUBJECT] M87105367
[DONE] M87105367
[SUBJECT] M87105824
[DONE] M87105824
[SUBJECT] M87105955
[DONE] M87105955
[SUBJECT] M87107379
[WARN] No valid FA file for M87107379, skipping subject
[SUBJECT] M87108106
[DONE] M87108106
[SUBJECT] M87109162
[DONE] M87109162
[SUBJECT] M87109276
[DONE] M87109276
[SUBJECT] M87109978
[DONE] M87109978
[SUBJECT] M87110730
[DONE] M87110730
[SUBJECT] M87110768
[DONE] M87110768
[SUBJECT] M87111014
[DONE] M87111014
[SUBJECT] M87112091
[DONE] M87112091
[SUBJECT] M87112604
[WARN] No valid FA file for M87112604, skipping subject
[SUBJECT] M87113923
[DONE] M87113923
[SUBJECT] M87114371
[DONE] M87114371
[SUBJECT] M87116614
[WARN] No valid FA file for M87116614, skipping subject
[SUBJECT] M87116854
[DONE] M87116854
[SUBJECT] M87117003
[WARN] No valid FA file for M87117003, skipping subject
[SUBJECT] M87117081
[DONE] M87117081
[SUBJECT] M87118092
[DONE] M87118092
[SUBJECT] M87120007
[DONE] M87120007
[SUBJECT] M87120164
[DONE] M87120164
[SUBJECT] M87120206
[DONE] M87120206
[SUBJECT] M87120451
[DONE] M87120451
[SUBJECT] M87121531
[DONE] M87121531
[SUBJECT] M87122630
[DONE] M87122630
[SUBJECT] M87122856
[DONE] M87122856
[SUBJECT] M87124454
[DONE] M87124454
[SUBJECT] M87124808
[DONE] M87124808
[SUBJECT] M87124846
[DONE] M87124846
[SUBJECT] M87125151
[DONE] M87125151
[SUBJECT] M87125273
[DONE] M87125273
[SUBJECT] M87125899
[DONE] M87125899
[SUBJECT] M87129825
[DONE] M87129825
[SUBJECT] M87130287
[DONE] M87130287
[SUBJECT] M87130907
[DONE] M87130907
[SUBJECT] M87131466
[WARN] No valid FA file for M87131466, skipping subject
[SUBJECT] M87133088
[DONE] M87133088
[SUBJECT] M87133484
[DONE] M87133484
[SUBJECT] M87134007
[DONE] M87134007
[SUBJECT] M87134320
[DONE] M87134320
[SUBJECT] M87135974
[WARN] No valid FA file for M87135974, skipping subject
[SUBJECT] M87136394
[DONE] M87136394
[SUBJECT] M87138094
[DONE] M87138094
[SUBJECT] M87138369
[DONE] M87138369
[SUBJECT] M87139193
[WARN] No valid FA file for M87139193, skipping subject
[SUBJECT] M87139195
[DONE] M87139195
[SUBJECT] M87139354
[DONE] M87139354
[SUBJECT] M87139763
[DONE] M87139763
[SUBJECT] M87140789
[DONE] M87140789
[SUBJECT] M87140994
[DONE] M87140994
[SUBJECT] M87141291
[DONE] M87141291
[SUBJECT] M87142581
[DONE] M87142581
[SUBJECT] M87144389
[DONE] M87144389
[SUBJECT] M87145095
[DONE] M87145095
[SUBJECT] M87146170
[DONE] M87146170
[SUBJECT] M87148213
[DONE] M87148213
[SUBJECT] M87148227
[DONE] M87148227
[SUBJECT] M87148801
[DONE] M87148801
[SUBJECT] M87148872
[DONE] M87148872
[SUBJECT] M87149091
[WARN] No valid FA file for M87149091, skipping subject
[SUBJECT] M87150736
[DONE] M87150736
[SUBJECT] M87151421
[DONE] M87151421
[SUBJECT] M87151497
[DONE] M87151497
[SUBJECT] M87151738
[DONE] M87151738
[SUBJECT] M87151861
[DONE] M87151861
[SUBJECT] M87151976
[DONE] M87151976
[SUBJECT] M87152378
[DONE] M87152378
[SUBJECT] M87152615
[DONE] M87152615
[SUBJECT] M87152938
[DONE] M87152938
[SUBJECT] M87153117
[DONE] M87153117
[SUBJECT] M87153317
[DONE] M87153317
[SUBJECT] M87153618
[DONE] M87153618
[SUBJECT] M87154387
[WARN] No valid FA file for M87154387, skipping subject
[SUBJECT] M87154497
[DONE] M87154497
[SUBJECT] M87155171
[DONE] M87155171
[SUBJECT] M87155398
[DONE] M87155398
[SUBJECT] M87156032
[DONE] M87156032
[SUBJECT] M87156629
[WARN] No valid FA file for M87156629, skipping subject
[SUBJECT] M87157671
[DONE] M87157671
[SUBJECT] M87158219
[DONE] M87158219
[SUBJECT] M87158358
[DONE] M87158358
[SUBJECT] M87158621
[DONE] M87158621
[SUBJECT] M87158946
[DONE] M87158946
[SUBJECT] M87160065
[DONE] M87160065
[SUBJECT] M87160156
[DONE] M87160156
[SUBJECT] M87161046
[DONE] M87161046
[SUBJECT] M87162213
[DONE] M87162213
[SUBJECT] M87162818
[DONE] M87162818
[SUBJECT] M87163077
[DONE] M87163077
[SUBJECT] M87163299
[DONE] M87163299
[SUBJECT] M87164001
[WARN] No valid FA file for M87164001, skipping subject
[SUBJECT] M87164553
[DONE] M87164553
[SUBJECT] M87165631
[DONE] M87165631
[SUBJECT] M87165701
[DONE] M87165701
[SUBJECT] M87168478
[DONE] M87168478
[SUBJECT] M87168550
[DONE] M87168550
[SUBJECT] M87169350
[DONE] M87169350
[SUBJECT] M87170105
[DONE] M87170105
[SUBJECT] M87170196
[DONE] M87170196
[SUBJECT] M87171285
[DONE] M87171285
[SUBJECT] M87171873
[DONE] M87171873
[SUBJECT] M87172041
[WARN] No valid FA file for M87172041, skipping subject
[SUBJECT] M87173792
[DONE] M87173792
[SUBJECT] M87173818
[DONE] M87173818
[SUBJECT] M87175019
[DONE] M87175019
[SUBJECT] M87175521
[DONE] M87175521
[SUBJECT] M87175733
[DONE] M87175733
[SUBJECT] M87175986
[WARN] No valid FA file for M87175986, skipping subject
[SUBJECT] M87177384
[DONE] M87177384
[SUBJECT] M87178770
[DONE] M87178770
[SUBJECT] M87179092
[DONE] M87179092
[SUBJECT] M87179303
[DONE] M87179303
[SUBJECT] M87180496
[DONE] M87180496
[SUBJECT] M87181270
[DONE] M87181270
[SUBJECT] M87182004
[DONE] M87182004
[SUBJECT] M87183764
[DONE] M87183764
[SUBJECT] M87183847
[DONE] M87183847
[SUBJECT] M87184515
[DONE] M87184515
[SUBJECT] M87185126
[DONE] M87185126
[SUBJECT] M87185518
[DONE] M87185518
[SUBJECT] M87186490
[DONE] M87186490
[SUBJECT] M87187453
[DONE] M87187453
[SUBJECT] M87188456
[DONE] M87188456
[SUBJECT] M87191192
[DONE] M87191192
[SUBJECT] M87192356
[DONE] M87192356
[SUBJECT] M87192468
[DONE] M87192468
[SUBJECT] M87192571
[DONE] M87192571
[SUBJECT] M87195497
[DONE] M87195497
[SUBJECT] M87195715
[DONE] M87195715
[SUBJECT] M87195860
[DONE] M87195860
[SUBJECT] M87197609
[DONE] M87197609
[SUBJECT] M87197734
[DONE] M87197734
[SUBJECT] M87199583
[DONE] M87199583
[INFO] FA-only ROI extraction finished: Sat Dec 13 05:21:26 PM UTC 2025
